number,value,datetime_start,datetime_complete,duration,params_lags,state
0,213977852707.9635,2025-07-24 22:50:09.276199,2025-07-24 22:50:16.906637,0 days 00:00:07.630438,124,COMPLETE
1,77322425779.55952,2025-07-24 22:50:16.908170,2025-07-24 22:50:40.234566,0 days 00:00:23.326396,188,COMPLETE
2,3.925945131754361e+25,2025-07-24 22:50:40.235056,2025-07-24 22:51:03.335171,0 days 00:00:23.100115,186,COMPLETE
3,2.1468957370795922,2025-07-24 22:51:03.336705,2025-07-24 22:51:20.711770,0 days 00:00:17.375065,171,COMPLETE
4,0.14961964117546842,2025-07-24 22:51:20.712766,2025-07-24 22:51:22.229200,0 days 00:00:01.516434,11,COMPLETE
5,0.546501528639988,2025-07-24 22:51:22.230199,2025-07-24 22:51:34.488147,0 days 00:00:12.257948,145,COMPLETE
6,0.16646266213231836,2025-07-24 22:51:34.489159,2025-07-24 22:51:38.957224,0 days 00:00:04.468065,81,COMPLETE
7,0.47294102324106735,2025-07-24 22:51:38.958396,2025-07-24 22:51:46.119660,0 days 00:00:07.161264,110,COMPLETE
8,3.1654519462800423,2025-07-24 22:51:46.121193,2025-07-24 22:51:58.118011,0 days 00:00:11.996818,138,COMPLETE
9,0.12257809855490585,2025-07-24 22:51:58.119028,2025-07-24 22:52:00.555489,0 days 00:00:02.436461,43,COMPLETE
10,0.12129538393256689,2025-07-24 22:52:00.555995,2025-07-24 22:52:03.118446,0 days 00:00:02.562451,44,COMPLETE
11,0.12129538393256689,2025-07-24 22:52:03.118948,2025-07-24 22:52:05.662917,0 days 00:00:02.543969,44,COMPLETE
12,0.13549160126996385,2025-07-24 22:52:05.663915,2025-07-24 22:52:09.079186,0 days 00:00:03.415271,59,COMPLETE
13,0.13275384441293775,2025-07-24 22:52:09.080686,2025-07-24 22:52:10.960666,0 days 00:00:01.879980,24,COMPLETE
14,0.16646266213231836,2025-07-24 22:52:10.961665,2025-07-24 22:52:15.492007,0 days 00:00:04.530342,81,COMPLETE
15,0.12727087156525058,2025-07-24 22:52:15.493400,2025-07-24 22:52:18.414599,0 days 00:00:02.921199,50,COMPLETE
16,0.16646266213231836,2025-07-24 22:52:18.415092,2025-07-24 22:52:22.825715,0 days 00:00:04.410623,81,COMPLETE
17,0.16441272397749784,2025-07-24 22:52:22.827230,2025-07-24 22:52:24.310206,0 days 00:00:01.482976,6,COMPLETE
18,0.1304424435908644,2025-07-24 22:52:24.311196,2025-07-24 22:52:26.316879,0 days 00:00:02.005683,30,COMPLETE
19,0.14518234844741787,2025-07-24 22:52:26.317887,2025-07-24 22:52:30.111285,0 days 00:00:03.793398,68,COMPLETE
20,0.12649182168013717,2025-07-24 22:52:30.112296,2025-07-24 22:52:32.280927,0 days 00:00:02.168631,35,COMPLETE
21,0.12790786265054646,2025-07-24 22:52:32.281926,2025-07-24 22:52:35.190592,0 days 00:00:02.908666,52,COMPLETE
22,0.12432896578505241,2025-07-24 22:52:35.191591,2025-07-24 22:52:37.578556,0 days 00:00:02.386965,40,COMPLETE
23,0.36460926556050727,2025-07-24 22:52:37.579560,2025-07-24 22:52:42.952012,0 days 00:00:05.372452,95,COMPLETE
24,0.13609509987487398,2025-07-24 22:52:42.953021,2025-07-24 22:52:44.733312,0 days 00:00:01.780291,19,COMPLETE
25,0.15033002754818636,2025-07-24 22:52:44.733811,2025-07-24 22:52:48.534977,0 days 00:00:03.801166,71,COMPLETE
26,0.12129538393256689,2025-07-24 22:52:48.535996,2025-07-24 22:52:51.166988,0 days 00:00:02.630992,44,COMPLETE
27,0.37475988901437374,2025-07-24 22:52:51.168015,2025-07-24 22:52:57.396166,0 days 00:00:06.228151,99,COMPLETE
28,0.1360801893113163,2025-07-24 22:52:57.397177,2025-07-24 22:53:00.712640,0 days 00:00:03.315463,60,COMPLETE
29,106756.2972564479,2025-07-24 22:53:00.713640,2025-07-24 22:53:08.679136,0 days 00:00:07.965496,117,COMPLETE
30,1.3508623943801095,2025-07-24 22:53:08.680129,2025-07-24 22:53:38.463035,0 days 00:00:29.782906,207,COMPLETE
31,0.12637334247973694,2025-07-24 22:53:38.464033,2025-07-24 22:53:40.765033,0 days 00:00:02.301000,37,COMPLETE
32,0.12133092882740908,2025-07-24 22:53:40.766038,2025-07-24 22:53:43.323882,0 days 00:00:02.557844,46,COMPLETE
33,0.1331729256852381,2025-07-24 22:53:43.324882,2025-07-24 22:53:45.142648,0 days 00:00:01.817766,23,COMPLETE
34,0.12727087156525058,2025-07-24 22:53:45.143648,2025-07-24 22:53:47.913143,0 days 00:00:02.769495,50,COMPLETE
35,0.14694809951056895,2025-07-24 22:53:47.914143,2025-07-24 22:53:51.562017,0 days 00:00:03.647874,70,COMPLETE
36,0.1419953323659564,2025-07-24 22:53:51.563524,2025-07-24 22:53:53.249704,0 days 00:00:01.686180,15,COMPLETE
37,0.16748809627884884,2025-07-24 22:53:53.250704,2025-07-24 22:53:54.870618,0 days 00:00:01.619914,5,COMPLETE
38,0.1376281535539274,2025-07-24 22:53:54.871612,2025-07-24 22:53:58.194487,0 days 00:00:03.322875,61,COMPLETE
39,2083749626401.0225,2025-07-24 22:53:58.194987,2025-07-24 22:54:03.020423,0 days 00:00:04.825436,89,COMPLETE
40,2.1468957370795922,2025-07-24 22:54:03.021423,2025-07-24 22:54:22.332149,0 days 00:00:19.310726,171,COMPLETE
41,0.12257809855490585,2025-07-24 22:54:22.333142,2025-07-24 22:54:24.655878,0 days 00:00:02.322736,43,COMPLETE
42,0.1318343946784529,2025-07-24 22:54:24.657540,2025-07-24 22:54:26.558613,0 days 00:00:01.901073,28,COMPLETE
43,0.12133092882740908,2025-07-24 22:54:26.559125,2025-07-24 22:54:29.105913,0 days 00:00:02.546788,46,COMPLETE
44,0.12380077227552443,2025-07-24 22:54:29.107434,2025-07-24 22:54:31.811842,0 days 00:00:02.704408,49,COMPLETE
45,0.9624930926141203,2025-07-24 22:54:31.812843,2025-07-24 22:54:44.204875,0 days 00:00:12.392032,144,COMPLETE
46,0.1341975814889854,2025-07-24 22:54:44.205879,2025-07-24 22:54:47.260592,0 days 00:00:03.054713,57,COMPLETE
47,0.16730493185791842,2025-07-24 22:54:47.261093,2025-07-24 22:54:51.315133,0 days 00:00:04.054040,77,COMPLETE
48,0.1419953323659564,2025-07-24 22:54:51.316644,2025-07-24 22:54:52.943276,0 days 00:00:01.626632,15,COMPLETE
49,0.12925995586555056,2025-07-24 22:54:52.944279,2025-07-24 22:54:55.113275,0 days 00:00:02.168996,32,COMPLETE
50,0.13996498966798596,2025-07-24 22:54:55.114278,2025-07-24 22:54:58.562494,0 days 00:00:03.448216,65,COMPLETE
51,0.12259371928413425,2025-07-24 22:54:58.563501,2025-07-24 22:55:00.922597,0 days 00:00:02.359096,42,COMPLETE
52,0.12460431299194914,2025-07-24 22:55:00.923100,2025-07-24 22:55:03.686085,0 days 00:00:02.762985,48,COMPLETE
53,0.1321547230933889,2025-07-24 22:55:03.687103,2025-07-24 22:55:05.666118,0 days 00:00:01.979015,26,COMPLETE
54,0.12546810374895553,2025-07-24 22:55:05.667124,2025-07-24 22:55:08.021558,0 days 00:00:02.354434,38,COMPLETE
55,0.12777220630870206,2025-07-24 22:55:08.024061,2025-07-24 22:55:10.975511,0 days 00:00:02.951450,54,COMPLETE
56,0.12129538393256689,2025-07-24 22:55:10.976517,2025-07-24 22:55:13.770699,0 days 00:00:02.794182,44,COMPLETE
57,0.15104167456017617,2025-07-24 22:55:13.771707,2025-07-24 22:55:17.648824,0 days 00:00:03.877117,72,COMPLETE
58,2083749626401.0225,2025-07-24 22:55:17.649817,2025-07-24 22:55:22.587294,0 days 00:00:04.937477,89,COMPLETE
59,0.12925995586555056,2025-07-24 22:55:22.588295,2025-07-24 22:55:24.753458,0 days 00:00:02.165163,32,COMPLETE
60,0.12129538393256689,2025-07-24 22:55:24.754455,2025-07-24 22:55:27.420893,0 days 00:00:02.666438,44,COMPLETE
61,0.12265606821145159,2025-07-24 22:55:27.422470,2025-07-24 22:55:30.094070,0 days 00:00:02.671600,45,COMPLETE
62,0.12777220630870206,2025-07-24 22:55:30.096114,2025-07-24 22:55:33.384648,0 days 00:00:03.288534,54,COMPLETE
63,0.13405620443958524,2025-07-24 22:55:33.385147,2025-07-24 22:55:35.243854,0 days 00:00:01.858707,21,COMPLETE
